<?xml version="1.0" encoding="UTF-8"?>
<!-- Generated by org.testng.reporters.JUnitReportReporter -->
<testsuite skipped="0" hostname="ShreeHari" name="gov.uk.check.visa.testsuite.VisaConfirmationTest" tests="3" failures="0" timestamp="2022-05-09T15:00:15 BST" time="13.245" errors="0">
  <testcase name="aChileanComingToTheUKForWorkAndPlansOnStayingForLongerThanSixMonths" time="4.078" classname="gov.uk.check.visa.testsuite.VisaConfirmationTest"/>
  <system-out/>
  <testcase name="aColumbianNationalComingToTheUKToJoinAPartnerForALongStayTheyDoHaveAnArticlele10Or20Card" time="3.748" classname="gov.uk.check.visa.testsuite.VisaConfirmationTest"/>
  <system-out/>
  <testcase name="anAustralianComingToUKForTourism" time="5.419" classname="gov.uk.check.visa.testsuite.VisaConfirmationTest"/>
  <system-out/>
</testsuite> <!-- gov.uk.check.visa.testsuite.VisaConfirmationTest -->
